<?xml version="1.0" encoding="UTF-8"?>
<testng-results ignored="0" total="1" passed="1" failed="0" skipped="0">
  <reporter-output>
  </reporter-output>
  <suite started-at="2023-05-23T13:56:07 IST" name="Default suite" finished-at="2023-05-23T13:56:22 IST" duration-ms="14811">
    <groups>
    </groups>
    <test started-at="2023-05-23T13:56:07 IST" name="Default test" finished-at="2023-05-23T13:56:22 IST" duration-ms="14811">
      <class name="org.Filpkart.sample_Filpkart">
        <test-method signature="start()[pri:0, instance:org.Filpkart.sample_Filpkart@27462a88]" started-at="2023-05-23T13:56:07 IST" name="start" finished-at="2023-05-23T13:56:22 IST" duration-ms="14718" status="PASS">
          <reporter-output>
          </reporter-output>
        </test-method> <!-- start -->
      </class> <!-- org.Filpkart.sample_Filpkart -->
    </test> <!-- Default test -->
  </suite> <!-- Default suite -->
</testng-results>
